{
  "RSpec": {
    "coverage": {
      "/home/pekellogg/flatiron_self-paced/canvas/phase_0/tic-tac-toe-rb/lib/tic_tac_toe.rb": [
        null,
        null,
        1,
        null,
        null,
        null,
        null,
        null,
        null,
        null,
        null,
        null,
        null,
        1,
        null,
        null,
        1,
        12,
        17,
        null,
        12,
        null,
        null,
        null,
        1,
        12,
        12,
        null,
        0,
        null,
        null,
        null,
        null,
        1,
        24,
        24,
        24,
        24,
        24,
        null,
        null,
        null,
        1,
        20,
        20,
        20,
        20,
        19,
        19,
        null,
        1,
        null,
        null,
        null,
        null,
        1,
        23,
        null,
        null,
        null,
        1,
        23,
        null,
        null,
        null,
        1,
        22,
        null,
        null,
        null,
        1,
        442,
        null,
        null,
        null,
        1,
        18,
        null,
        null,
        null,
        1,
        19,
        null,
        null,
        null,
        1,
        29,
        null,
        null,
        null,
        1,
        63,
        415,
        415,
        415,
        null,
        415,
        22,
        null,
        null,
        41,
        null,
        null,
        null,
        1,
        7,
        7,
        null,
        null,
        null,
        1,
        21,
        210,
        31,
        null,
        null,
        21,
        null,
        null,
        null,
        1,
        20,
        20,
        null
      ]
    },
    "timestamp": 1629846510
  }
}
